-------------------------------------------------------------------------------
Test set: moshe.dev.MoshePetClinicApplicationTests
-------------------------------------------------------------------------------
Tests run: 1, Failures: 0, Errors: 1, Skipped: 0, Time elapsed: 0.408 s <<< FAILURE! - in moshe.dev.MoshePetClinicApplicationTests
moshe.dev.MoshePetClinicApplicationTests  Time elapsed: 0.407 s  <<< ERROR!
java.lang.IllegalStateException: Unable to find a @SpringBootConfiguration, you need to use @ContextConfiguration or @SpringBootTest(classes=...) with your test

